#
# There is insufficient memory for the Java Runtime Environment to continue.
# Native memory allocation (malloc) failed to allocate 32744 bytes for ChunkPool::allocate
# Possible reasons:
#   The system is out of physical RAM or swap space
#   In 32 bit mode, the process size limit was hit
# Possible solutions:
#   Reduce memory load on the system
#   Increase physical memory or swap space
#   Check if swap backing store is full
#   Use 64 bit Java on a 64 bit OS
#   Decrease Java heap size (-Xmx/-Xms)
#   Decrease number of Java threads
#   Decrease Java thread stack sizes (-Xss)
#   Set larger code cache with -XX:ReservedCodeCacheSize=
# This output file may be truncated or incomplete.
#
#  Out of Memory Error (allocation.cpp:211), pid=11808, tid=11860
#
# JRE version: 6.0_26-b03
# Java VM: Java HotSpot(TM) 64-Bit Server VM (20.1-b02 mixed mode windows-amd64 compressed oops)

---------------  T H R E A D  ---------------

Current thread (0x0000000006201800):  JavaThread "C2 CompilerThread0" daemon [_thread_in_native, id=11860, stack(0x00000000065a0000,0x00000000066a0000)]

Stack: [0x00000000065a0000,0x00000000066a0000]

Current CompileTask:
C2: 102795 299      org.codehaus.plexus.util.xml.Xpp3Dom.<init>(Lorg/codehaus/plexus/util/xml/Xpp3Dom;Ljava/lang/String;)V (123 bytes)


---------------  P R O C E S S  ---------------

Java Threads: ( => current thread )
  0x0000000006211800 JavaThread "Low Memory Detector" daemon [_thread_blocked, id=10608, stack(0x00000000067a0000,0x00000000068a0000)]
  0x0000000006206800 JavaThread "C2 CompilerThread1" daemon [_thread_blocked, id=8896, stack(0x00000000066a0000,0x00000000067a0000)]
=>0x0000000006201800 JavaThread "C2 CompilerThread0" daemon [_thread_in_native, id=11860, stack(0x00000000065a0000,0x00000000066a0000)]
  0x00000000061fa000 JavaThread "Attach Listener" daemon [_thread_blocked, id=11952, stack(0x00000000064a0000,0x00000000065a0000)]
  0x00000000061f9800 JavaThread "Signal Dispatcher" daemon [_thread_blocked, id=1060, stack(0x00000000063a0000,0x00000000064a0000)]
  0x000000000052d800 JavaThread "Finalizer" daemon [_thread_blocked, id=11400, stack(0x00000000060a0000,0x00000000061a0000)]
  0x0000000000526800 JavaThread "Reference Handler" daemon [_thread_blocked, id=10292, stack(0x0000000005fa0000,0x00000000060a0000)]
  0x000000000039c000 JavaThread "main" [_thread_in_native, id=9108, stack(0x0000000002020000,0x0000000002120000)]

Other Threads:
  0x000000000051e000 VMThread [stack: 0x0000000005ea0000,0x0000000005fa0000] [id=8988]
  0x000000000621a800 WatcherThread [stack: 0x00000000068a0000,0x00000000069a0000] [id=9872]

VM state:not at safepoint (normal execution)

VM Mutex/Monitor currently owned by a thread: None

Heap
 PSYoungGen      total 19008K, used 15183K [0x00000000eb6b0000, 0x00000000ecef0000, 0x0000000100000000)
  eden space 14464K, 86% used [0x00000000eb6b0000,0x00000000ec2dfba8,0x00000000ec4d0000)
  from space 4544K, 59% used [0x00000000eca80000,0x00000000ecd24150,0x00000000ecef0000)
  to   space 5184K, 0% used [0x00000000ec4d0000,0x00000000ec4d0000,0x00000000ec9e0000)
 PSOldGen        total 42176K, used 4518K [0x00000000c2400000, 0x00000000c4d30000, 0x00000000eb6b0000)
  object space 42176K, 10% used [0x00000000c2400000,0x00000000c2869ac8,0x00000000c4d30000)
 PSPermGen       total 21248K, used 19704K [0x00000000bd200000, 0x00000000be6c0000, 0x00000000c2400000)
  object space 21248K, 92% used [0x00000000bd200000,0x00000000be53e288,0x00000000be6c0000)

Code Cache  [0x0000000002120000, 0x0000000002390000, 0x0000000005120000)
 total_blobs=587 nmethods=302 adapters=238 free_code_cache=49030272 largest_free_block=6144

Dynamic libraries:
0x0000000000400000 - 0x000000000042e000 	C:\Program Files\Java\jdk1.6.0_26\bin\java.exe
0x0000000077740000 - 0x00000000778ec000 	C:\Windows\SYSTEM32\ntdll.dll
0x0000000077520000 - 0x000000007763f000 	C:\Windows\system32\kernel32.dll
0x000007fefda00000 - 0x000007fefda6c000 	C:\Windows\system32\KERNELBASE.dll
0x000007fefdbd0000 - 0x000007fefdcab000 	C:\Windows\system32\ADVAPI32.dll
0x000007fefe410000 - 0x000007fefe4af000 	C:\Windows\system32\msvcrt.dll
0x000007fefdb60000 - 0x000007fefdb7f000 	C:\Windows\SYSTEM32\sechost.dll
0x000007fefe4b0000 - 0x000007fefe5de000 	C:\Windows\system32\RPCRT4.dll
0x000000006d890000 - 0x000000006e048000 	C:\Program Files\Java\jdk1.6.0_26\jre\bin\server\jvm.dll
0x0000000077640000 - 0x000000007773a000 	C:\Windows\system32\USER32.dll
0x000007fefdcb0000 - 0x000007fefdd17000 	C:\Windows\system32\GDI32.dll
0x000007fefdea0000 - 0x000007fefdeae000 	C:\Windows\system32\LPK.dll
0x000007feff980000 - 0x000007feffa4a000 	C:\Windows\system32\USP10.dll
0x000007fef9b60000 - 0x000007fef9b9b000 	C:\Windows\system32\WINMM.dll
0x000007fefe2b0000 - 0x000007fefe2de000 	C:\Windows\system32\IMM32.DLL
0x000007fefdf30000 - 0x000007fefe039000 	C:\Windows\system32\MSCTF.dll
0x000000006d800000 - 0x000000006d80e000 	C:\Program Files\Java\jdk1.6.0_26\jre\bin\verify.dll
0x000000006d450000 - 0x000000006d477000 	C:\Program Files\Java\jdk1.6.0_26\jre\bin\java.dll
0x0000000077900000 - 0x0000000077907000 	C:\Windows\system32\PSAPI.DLL
0x000000006d850000 - 0x000000006d862000 	C:\Program Files\Java\jdk1.6.0_26\jre\bin\zip.dll
0x000007fefd530000 - 0x000007fefd587000 	C:\Windows\system32\apphelp.dll
0x000007fefcf30000 - 0x000007fefcf47000 	C:\Windows\system32\CRYPTSP.dll
0x000007fefcc30000 - 0x000007fefcc77000 	C:\Windows\system32\rsaenh.dll
0x000007fefc9f0000 - 0x000007fefca0e000 	C:\Windows\system32\USERENV.dll
0x000007fefd6a0000 - 0x000007fefd6af000 	C:\Windows\system32\profapi.dll
0x000007fefd590000 - 0x000007fefd59f000 	C:\Windows\system32\CRYPTBASE.dll
0x000000006d6a0000 - 0x000000006d6b7000 	C:\Program Files\Java\jdk1.6.0_26\jre\bin\net.dll
0x000007fefda70000 - 0x000007fefdabd000 	C:\Windows\system32\WS2_32.dll
0x000007fefe2a0000 - 0x000007fefe2a8000 	C:\Windows\system32\NSI.dll
0x000007fefced0000 - 0x000007fefcf24000 	C:\Windows\system32\mswsock.dll
0x000007fefcec0000 - 0x000007fefcec7000 	C:\Windows\System32\wship6.dll
0x000007fefb900000 - 0x000007fefb915000 	C:\Windows\system32\NLAapi.dll
0x000007fefcd50000 - 0x000007fefcdab000 	C:\Windows\system32\DNSAPI.dll
0x000007fee8f00000 - 0x000007fee8f0b000 	C:\Windows\System32\winrnr.dll
0x000007fee8670000 - 0x000007fee8685000 	C:\Windows\system32\napinsp.dll
0x000007fee8650000 - 0x000007fee8669000 	C:\Windows\system32\pnrpnsp.dll
0x000007fef6fd0000 - 0x000007fef6fe0000 	C:\Windows\system32\wshbth.dll
0x0000000073f50000 - 0x0000000073f7e000 	C:\Program Files\Common Files\Microsoft Shared\Windows Live\WLIDNSP.DLL
0x000007fefdeb0000 - 0x000007fefdf21000 	C:\Windows\system32\SHLWAPI.dll
0x000007fefc8e0000 - 0x000007fefc8e7000 	C:\Windows\System32\wshtcpip.dll
0x000007fefb760000 - 0x000007fefb787000 	C:\Windows\system32\IPHLPAPI.DLL
0x000007fefb5e0000 - 0x000007fefb5eb000 	C:\Windows\system32\WINNSI.DLL
0x000007fefa270000 - 0x000007fefa278000 	C:\Windows\system32\rasadhlp.dll
0x000007fefb2d0000 - 0x000007fefb323000 	C:\Windows\System32\fwpuclnt.dll
0x000000006d6c0000 - 0x000000006d6cb000 	C:\Program Files\Java\jdk1.6.0_26\jre\bin\nio.dll

VM Arguments:
jvm_args: -Dclassworlds.conf=C:\Program Files\NetBeans 7.1.2\java\maven\bin\..\bin\m2.conf -Dmaven.home=C:\Program Files\NetBeans 7.1.2\java\maven\bin\.. 
java_command: org.codehaus.plexus.classworlds.launcher.Launcher -Dnetbeans.deploy=true package
Launcher Type: SUN_STANDARD

Environment Variables:
JAVA_HOME=C:\Program Files\Java\jdk1.6.0_26
PATH=C:\ProgramData\Oracle\Java\javapath;C:\Program Files (x86)\EasyPHP-DevServer-13.1VC11\binaries\php\php_runningversion;C:\Program Files\Common Files\Microsoft Shared\Windows Live;C:\Windows\system32;C:\Windows;C:\Windows\System32\Wbem;C:\Windows\System32\WindowsPowerShell\v1.0\;C:\Program Files\WIDCOMM\Bluetooth Software\;C:\Program Files\WIDCOMM\Bluetooth Software\syswow64;C:\Program Files\Intel\WiFi\bin\;C:\Program Files\Common Files\Intel\WirelessCommon\;C:\Program Files (x86)\Sony\VAIO Startup Setting Tool;c:\Program Files (x86)\ATI Technologies\ATI.ACE\Core-Static;C:\Program Files (x86)\Microsoft SQL Server\100\Tools\Binn\;C:\Program Files\Microsoft SQL Server\100\Tools\Binn\;C:\Program Files\Microsoft SQL Server\100\DTS\Binn\;C:\Program Files\Microsoft\Web Platform Installer\;C:\Program Files (x86)\Microsoft ASP.NET\ASP.NET Web Pages\v1.0\;C:\Program Files (x86)\Windows Kits\8.0\Windows Performance Toolkit\;C:\Program Files\Microsoft SQL Server\110\Tools\Binn\;C:\Program Files (x86)\Microsoft SQL Server\90\Tools\binn\;C:\Program Files (x86)\Java\jdk1.7.0_45;\bin;C:\Program Files (x86)\MySQL\MySQL Server 5.1\bin;C:\Program Files\TortoiseGit\bin;C:\Program Files\nodejs\;C:\Program Files\MATLAB\R2011a\runtime\win64;C:\Program Files\MATLAB\R2011a\bin;C:\Program Files\Mozart\bin;C:\RailsInstaller\Git\cmd;C:\RailsInstaller\Ruby1.9.3\bin;C:\Ruby193\bin;E:\Apache Software Foundation\apache-maven-3.2.2\bin;C:\Program Files (x86)\Java\jdk1.7.0_45\bin;C:\Users\sony\AppData\Roaming\npm;C:\Program Files (x86)\Nmap
USERNAME=sony
OS=Windows_NT
PROCESSOR_IDENTIFIER=Intel64 Family 6 Model 37 Stepping 5, GenuineIntel



---------------  S Y S T E M  ---------------

OS: Windows 7 Build 7600 

CPU:total 4 (2 cores per cpu, 2 threads per core) family 6 model 37 stepping 5, cmov, cx8, fxsr, mmx, sse, sse2, sse3, ssse3, sse4.1, sse4.2, popcnt, ht

Memory: 4k page, physical 4044900k(1066008k free), swap 6159544k(311688k free)

vm_info: Java HotSpot(TM) 64-Bit Server VM (20.1-b02) for windows-amd64 JRE (1.6.0_26-b03), built on May  4 2011 07:15:24 by "java_re" with MS VC++ 8.0 (VS2005)

time: Sun Jun 21 14:39:00 2015
elapsed time: 102 seconds

